<?xml version="1.0" encoding="UTF-8"?>
<!-- Generated by org.testng.reporters.JUnitReportReporter -->
<testsuite hostname="DESKTOP-F4S860D" failures="0" tests="1" name="colourmoon.doctors.ADDSTATES" time="1.764" errors="1" timestamp="2022-06-08T11:03:41 IST" skipped="0">
  <testcase classname="colourmoon.doctors.ADDSTATES" name="loginto" time="1.764">
    <error message="element not interactable
  (Session info: chrome=102.0.5005.63)
Build info: version: &#039;4.2.1&#039;, revision: &#039;ac4d0fdd4a&#039;
System info: host: &#039;DESKTOP-F4S860D&#039;, ip: &#039;192.168.29.145&#039;, os.name: &#039;Windows 10&#039;, os.arch: &#039;amd64&#039;, os.version: &#039;10.0&#039;, java.version: &#039;18.0.1&#039;
Driver info: org.openqa.selenium.chrome.ChromeDriver
Command: [c8da636ee88001b8189cdf150775ad2b, clickElement {id=71a6442f-1fa5-4e06-9715-db7c5e16ed1f}]
Capabilities {acceptInsecureCerts: false, browserName: chrome, browserVersion: 102.0.5005.63, chrome: {chromedriverVersion: 102.0.5005.61 (0e59bcc00cc4..., userDataDir: C:\Users\DELL\AppData\Local...}, goog:chromeOptions: {debuggerAddress: localhost:60377}, networkConnectionEnabled: false, pageLoadStrategy: normal, platformName: WINDOWS, proxy: Proxy(), se:cdp: ws://localhost:60377/devtoo..., se:cdpVersion: 102.0.5005.63, setWindowRect: true, strictFileInteractability: false, timeouts: {implicit: 0, pageLoad: 300000, script: 30000}, unhandledPromptBehavior: dismiss and notify, webauthn:extension:credBlob: true, webauthn:extension:largeBlob: true, webauthn:virtualAuthenticators: true}
Element: [[ChromeDriver: chrome on WINDOWS (c8da636ee88001b8189cdf150775ad2b)] -&gt; xpath: //span[normalize-space()=&#039;States&#039;]]
Session ID: c8da636ee88001b8189cdf150775ad2b" type="org.openqa.selenium.ElementNotInteractableException">
      <![CDATA[org.openqa.selenium.ElementNotInteractableException: element not interactable
  (Session info: chrome=102.0.5005.63)
Build info: version: '4.2.1', revision: 'ac4d0fdd4a'
System info: host: 'DESKTOP-F4S860D', ip: '192.168.29.145', os.name: 'Windows 10', os.arch: 'amd64', os.version: '10.0', java.version: '18.0.1'
Driver info: org.openqa.selenium.chrome.ChromeDriver
Command: [c8da636ee88001b8189cdf150775ad2b, clickElement {id=71a6442f-1fa5-4e06-9715-db7c5e16ed1f}]
Capabilities {acceptInsecureCerts: false, browserName: chrome, browserVersion: 102.0.5005.63, chrome: {chromedriverVersion: 102.0.5005.61 (0e59bcc00cc4..., userDataDir: C:\Users\DELL\AppData\Local...}, goog:chromeOptions: {debuggerAddress: localhost:60377}, networkConnectionEnabled: false, pageLoadStrategy: normal, platformName: WINDOWS, proxy: Proxy(), se:cdp: ws://localhost:60377/devtoo..., se:cdpVersion: 102.0.5005.63, setWindowRect: true, strictFileInteractability: false, timeouts: {implicit: 0, pageLoad: 300000, script: 30000}, unhandledPromptBehavior: dismiss and notify, webauthn:extension:credBlob: true, webauthn:extension:largeBlob: true, webauthn:virtualAuthenticators: true}
Element: [[ChromeDriver: chrome on WINDOWS (c8da636ee88001b8189cdf150775ad2b)] -> xpath: //span[normalize-space()='States']]
Session ID: c8da636ee88001b8189cdf150775ad2b
at java.base/jdk.internal.reflect.DirectConstructorHandleAccessor.newInstance(DirectConstructorHandleAccessor.java:67)
at java.base/java.lang.reflect.Constructor.newInstanceWithCaller(Constructor.java:499)
at java.base/java.lang.reflect.Constructor.newInstance(Constructor.java:483)
at org.openqa.selenium.remote.codec.w3c.W3CHttpResponseCodec.createException(W3CHttpResponseCodec.java:200)
at org.openqa.selenium.remote.codec.w3c.W3CHttpResponseCodec.decode(W3CHttpResponseCodec.java:133)
at org.openqa.selenium.remote.codec.w3c.W3CHttpResponseCodec.decode(W3CHttpResponseCodec.java:53)
at org.openqa.selenium.remote.HttpCommandExecutor.execute(HttpCommandExecutor.java:184)
at org.openqa.selenium.remote.service.DriverCommandExecutor.invokeExecute(DriverCommandExecutor.java:167)
at org.openqa.selenium.remote.service.DriverCommandExecutor.execute(DriverCommandExecutor.java:142)
at org.openqa.selenium.remote.RemoteWebDriver.execute(RemoteWebDriver.java:551)
at org.openqa.selenium.remote.RemoteWebElement.execute(RemoteWebElement.java:257)
at org.openqa.selenium.remote.RemoteWebElement.click(RemoteWebElement.java:78)
at colourmoon.doctors.ADDSTATES.loginto(ADDSTATES.java:36)
at java.base/jdk.internal.reflect.DirectMethodHandleAccessor.invoke(DirectMethodHandleAccessor.java:104)
at java.base/java.lang.reflect.Method.invoke(Method.java:577)
at org.testng.internal.MethodInvocationHelper.invokeMethod(MethodInvocationHelper.java:133)
at org.testng.internal.TestInvoker.invokeMethod(TestInvoker.java:598)
at org.testng.internal.TestInvoker.invokeTestMethod(TestInvoker.java:173)
at org.testng.internal.MethodRunner.runInSequence(MethodRunner.java:46)
at org.testng.internal.TestInvoker$MethodInvocationAgent.invoke(TestInvoker.java:824)
at org.testng.internal.TestInvoker.invokeTestMethods(TestInvoker.java:146)
at org.testng.internal.TestMethodWorker.invokeTestMethods(TestMethodWorker.java:146)
at org.testng.internal.TestMethodWorker.run(TestMethodWorker.java:128)
at java.base/java.util.ArrayList.forEach(ArrayList.java:1511)
at org.testng.TestRunner.privateRun(TestRunner.java:794)
at org.testng.TestRunner.run(TestRunner.java:596)
at org.testng.SuiteRunner.runTest(SuiteRunner.java:377)
at org.testng.SuiteRunner.runSequentially(SuiteRunner.java:371)
at org.testng.SuiteRunner.privateRun(SuiteRunner.java:332)
at org.testng.SuiteRunner.run(SuiteRunner.java:276)
at org.testng.SuiteRunnerWorker.runSuite(SuiteRunnerWorker.java:53)
at org.testng.SuiteRunnerWorker.run(SuiteRunnerWorker.java:96)
at org.testng.TestNG.runSuitesSequentially(TestNG.java:1212)
at org.testng.TestNG.runSuitesLocally(TestNG.java:1134)
at org.testng.TestNG.runSuites(TestNG.java:1063)
at org.testng.TestNG.run(TestNG.java:1031)
at org.testng.remote.AbstractRemoteTestNG.run(AbstractRemoteTestNG.java:115)
at org.testng.remote.RemoteTestNG.initAndRun(RemoteTestNG.java:251)
at org.testng.remote.RemoteTestNG.main(RemoteTestNG.java:77)
]]>
    </error>
  </testcase> <!-- loginto -->
  <system-out/>
</testsuite> <!-- colourmoon.doctors.ADDSTATES -->
