<?xml version="1.0" encoding="UTF-8"?>
<!-- Generated by org.testng.reporters.JUnitReportReporter -->
<testsuite hostname="DESKTOP-F4S860D" failures="0" tests="1" name="colourmoon.doctors.validatetitle" time="0.078" errors="0" timestamp="2022-06-06T18:09:16 IST" skipped="0">
  <testcase classname="colourmoon.doctors.validatetitle" name="open" time="0.078"/>
  <system-out/>
</testsuite> <!-- colourmoon.doctors.validatetitle -->
