<?xml version="1.0" encoding="UTF-8"?>
<!-- Generated by org.testng.reporters.JUnitReportReporter -->
<testsuite hostname="DESKTOP-F4S860D" failures="0" tests="1" name="colourmoon.doctors.Homepage" time="5.281" errors="0" timestamp="2022-06-01T15:34:37 IST" skipped="0">
  <testcase classname="colourmoon.doctors.Homepage" name="open" time="5.281"/>
  <system-out/>
</testsuite> <!-- colourmoon.doctors.Homepage -->
