<?xml version="1.0" encoding="UTF-8"?>
<!-- Generated by org.testng.reporters.JUnitReportReporter -->
<testsuite hostname="DESKTOP-F4S860D" failures="0" tests="1" name="colourmoon.doctors.Openpage" time="5.001" errors="0" timestamp="2022-06-06T17:31:13 IST" skipped="0">
  <testcase classname="colourmoon.doctors.Openpage" name="open" time="5.001"/>
  <system-out/>
</testsuite> <!-- colourmoon.doctors.Openpage -->
